# JRE version: OpenJDK Runtime Environment Temurin-21.0.11+10 (21.0.11+10) (build 21.0.11+10-LTS)
# Java VM: OpenJDK 64-Bit Server VM Temurin-21.0.11+10 (21.0.11+10-LTS, mixed mode, sharing, tiered, compressed oops, compressed class ptrs, parallel gc, windows-amd64)
GC Precious Log:
 CardTable entry size: 512
 CPUs: 4 total, 4 available
 Memory: 7969M
 Large Page Support: Disabled
 NUMA Support: Disabled
 Compressed Oops: Enabled (32-bit)
 Alignments: Space 512K, Generation 512K, Heap 2M
 Heap Min Capacity: 100M
 Heap Initial Capacity: 100M
 Heap Max Capacity: 2G
 Pre-touch: Disabled
 Parallel Workers: 4
Heap:
 PSYoungGen      total 2048K, used 281K [0x00000000d5580000, 0x00000000d5880000, 0x0000000100000000)
  eden space 1536K, 9% used [0x00000000d5580000,0x00000000d55a6418,0x00000000d5700000)
  from space 512K, 25% used [0x00000000d5780000,0x00000000d57a0000,0x00000000d5800000)
  to   space 512K, 0% used [0x00000000d5800000,0x00000000d5800000,0x00000000d5880000)
 ParOldGen       total 875008K, used 874976K [0x0000000080000000, 0x00000000b5680000, 0x00000000d5580000)
  object space 875008K, 99% used [0x0000000080000000,0x00000000b5678230,0x00000000b5680000)
 Metaspace       used 70507K, committed 72000K, reserved 1114112K
  class space    used 7590K, committed 8256K, reserved 1048576K
GC Heap History (20 events):
Event: 250.358 GC heap before
{Heap before GC invocations=1721 (full 3):
 PSYoungGen      total 3072K, used 2875K [0x00000000d5580000, 0x00000000d5b00000, 0x0000000100000000)
  eden space 1536K, 100% used [0x00000000d5580000,0x00000000d5700000,0x00000000d5700000)
  from space 1536K, 87% used [0x00000000d5700000,0x00000000d584eee0,0x00000000d5880000)
  to   space 2048K, 0% used [0x00000000d5900000,0x00000000d5900000,0x00000000d5b00000)
 ParOldGen       total 867328K, used 867172K [0x0000000080000000, 0x00000000b4f00000, 0x00000000d5580000)
  object space 867328K, 99% used [0x0000000080000000,0x00000000b4ed91d8,0x00000000b4f00000)
 Metaspace       used 70104K, committed 71680K, reserved 1114112K
  class space    used 7513K, committed 8192K, reserved 1048576K
}
Event: 250.363 GC heap after
{Heap after GC invocations=1721 (full 3):
 PSYoungGen      total 3072K, used 1313K [0x00000000d5580000, 0x00000000d5a80000, 0x0000000100000000)
  eden space 1536K, 0% used [0x00000000d5580000,0x00000000d5580000,0x00000000d5700000)
  from space 1536K, 85% used [0x00000000d5900000,0x00000000d5a486f8,0x00000000d5a80000)
  to   space 1536K, 0% used [0x00000000d5700000,0x00000000d5700000,0x00000000d5880000)
 ParOldGen       total 868864K, used 868470K [0x0000000080000000, 0x00000000b5080000, 0x00000000d5580000)
  object space 868864K, 99% used [0x0000000080000000,0x00000000b501da00,0x00000000b5080000)
 Metaspace       used 70104K, committed 71680K, reserved 1114112K
  class space    used 7513K, committed 8192K, reserved 1048576K
}
Event: 250.714 GC heap before
{Heap before GC invocations=1722 (full 3):
 PSYoungGen      total 3072K, used 2849K [0x00000000d5580000, 0x00000000d5a80000, 0x0000000100000000)
  eden space 1536K, 100% used [0x00000000d5580000,0x00000000d5700000,0x00000000d5700000)
  from space 1536K, 85% used [0x00000000d5900000,0x00000000d5a486f8,0x00000000d5a80000)
  to   space 1536K, 0% used [0x00000000d5700000,0x00000000d5700000,0x00000000d5880000)
 ParOldGen       total 870912K, used 870086K [0x0000000080000000, 0x00000000b5280000, 0x00000000d5580000)
  object space 870912K, 99% used [0x0000000080000000,0x00000000b51b19b0,0x00000000b5280000)
 Metaspace       used 70104K, committed 71680K, reserved 1114112K
  class space    used 7513K, committed 8192K, reserved 1048576K
}
Event: 250.721 GC heap after
{Heap after GC invocations=1722 (full 3):
 PSYoungGen      total 3072K, used 1343K [0x00000000d5580000, 0x00000000d5a00000, 0x0000000100000000)
  eden space 1536K, 0% used [0x00000000d5580000,0x00000000d5580000,0x00000000d5700000)
  from space 1536K, 87% used [0x00000000d5700000,0x00000000d584fc20,0x00000000d5880000)
  to   space 1536K, 0% used [0x00000000d5880000,0x00000000d5880000,0x00000000d5a00000)
 ParOldGen       total 871424K, used 871377K [0x0000000080000000, 0x00000000b5300000, 0x00000000d5580000)
  object space 871424K, 99% used [0x0000000080000000,0x00000000b52f4718,0x00000000b5300000)
 Metaspace       used 70104K, committed 71680K, reserved 1114112K
  class space    used 7513K, committed 8192K, reserved 1048576K
}
Event: 250.805 GC heap before
{Heap before GC invocations=1723 (full 3):
 PSYoungGen      total 3072K, used 2879K [0x00000000d5580000, 0x00000000d5a00000, 0x0000000100000000)
  eden space 1536K, 100% used [0x00000000d5580000,0x00000000d5700000,0x00000000d5700000)
  from space 1536K, 87% used [0x00000000d5700000,0x00000000d584fc20,0x00000000d5880000)
  to   space 1536K, 0% used [0x00000000d5880000,0x00000000d5880000,0x00000000d5a00000)
 ParOldGen       total 871424K, used 871377K [0x0000000080000000, 0x00000000b5300000, 0x00000000d5580000)
  object space 871424K, 99% used [0x0000000080000000,0x00000000b52f4718,0x00000000b5300000)
 Metaspace       used 70104K, committed 71680K, reserved 1114112K
  class space    used 7513K, committed 8192K, reserved 1048576K
}
Event: 250.809 GC heap after
{Heap after GC invocations=1723 (full 3):
 PSYoungGen      total 3072K, used 1208K [0x00000000d5580000, 0x00000000d5a00000, 0x0000000100000000)
  eden space 1536K, 0% used [0x00000000d5580000,0x00000000d5580000,0x00000000d5700000)
  from space 1536K, 78% used [0x00000000d5880000,0x00000000d59ae070,0x00000000d5a00000)
  to   space 1536K, 0% used [0x00000000d5700000,0x00000000d5700000,0x00000000d5880000)
 ParOldGen       total 872960K, used 872684K [0x0000000080000000, 0x00000000b5480000, 0x00000000d5580000)
  object space 872960K, 99% used [0x0000000080000000,0x00000000b543b2b8,0x00000000b5480000)
 Metaspace       used 70104K, committed 71680K, reserved 1114112K
  class space    used 7513K, committed 8192K, reserved 1048576K
}
Event: 251.057 GC heap before
{Heap before GC invocations=1724 (full 3):
 PSYoungGen      total 3072K, used 2744K [0x00000000d5580000, 0x00000000d5a00000, 0x0000000100000000)
  eden space 1536K, 100% used [0x00000000d5580000,0x00000000d5700000,0x00000000d5700000)
  from space 1536K, 78% used [0x00000000d5880000,0x00000000d59ae070,0x00000000d5a00000)
  to   space 1536K, 0% used [0x00000000d5700000,0x00000000d5700000,0x00000000d5880000)
 ParOldGen       total 872960K, used 872684K [0x0000000080000000, 0x00000000b5480000, 0x00000000d5580000)
  object space 872960K, 99% used [0x0000000080000000,0x00000000b543b2b8,0x00000000b5480000)
 Metaspace       used 70202K, committed 71808K, reserved 1114112K
  class space    used 7539K, committed 8256K, reserved 1048576K
}
Event: 251.067 GC heap after
{Heap after GC invocations=1724 (full 3):
 PSYoungGen      total 2560K, used 672K [0x00000000d5580000, 0x00000000d5900000, 0x0000000100000000)
  eden space 1536K, 0% used [0x00000000d5580000,0x00000000d5580000,0x00000000d5700000)
  from space 1024K, 65% used [0x00000000d5700000,0x00000000d57a8000,0x00000000d5800000)
  to   space 1024K, 0% used [0x00000000d5800000,0x00000000d5800000,0x00000000d5900000)
 ParOldGen       total 873984K, used 873768K [0x0000000080000000, 0x00000000b5580000, 0x00000000d5580000)
  object space 873984K, 99% used [0x0000000080000000,0x00000000b554a060,0x00000000b5580000)
 Metaspace       used 70202K, committed 71808K, reserved 1114112K
  class space    used 7539K, committed 8256K, reserved 1048576K
}
Event: 251.090 GC heap before
{Heap before GC invocations=1725 (full 3):
 PSYoungGen      total 2560K, used 2208K [0x00000000d5580000, 0x00000000d5900000, 0x0000000100000000)
  eden space 1536K, 100% used [0x00000000d5580000,0x00000000d5700000,0x00000000d5700000)
  from space 1024K, 65% used [0x00000000d5700000,0x00000000d57a8000,0x00000000d5800000)
  to   space 1024K, 0% used [0x00000000d5800000,0x00000000d5800000,0x00000000d5900000)
 ParOldGen       total 873984K, used 873768K [0x0000000080000000, 0x00000000b5580000, 0x00000000d5580000)
  object space 873984K, 99% used [0x0000000080000000,0x00000000b554a060,0x00000000b5580000)
 Metaspace       used 70203K, committed 71808K, reserved 1114112K
  class space    used 7539K, committed 8256K, reserved 1048576K
}
Event: 251.098 GC heap after
{Heap after GC invocations=1725 (full 3):
 PSYoungGen      total 2048K, used 128K [0x00000000d5580000, 0x00000000d5880000, 0x0000000100000000)
  eden space 1536K, 0% used [0x00000000d5580000,0x00000000d5580000,0x00000000d5700000)
  from space 512K, 25% used [0x00000000d5800000,0x00000000d5820000,0x00000000d5880000)
  to   space 512K, 0% used [0x00000000d5780000,0x00000000d5780000,0x00000000d5800000)
 ParOldGen       total 874496K, used 874400K [0x0000000080000000, 0x00000000b5600000, 0x00000000d5580000)
  object space 874496K, 99% used [0x0000000080000000,0x00000000b55e8060,0x00000000b5600000)
 Metaspace       used 70203K, committed 71808K, reserved 1114112K
  class space    used 7539K, committed 8256K, reserved 1048576K
}
Event: 251.122 GC heap before
{Heap before GC invocations=1726 (full 3):
 PSYoungGen      total 2048K, used 1664K [0x00000000d5580000, 0x00000000d5880000, 0x0000000100000000)
  eden space 1536K, 100% used [0x00000000d5580000,0x00000000d5700000,0x00000000d5700000)
  from space 512K, 25% used [0x00000000d5800000,0x00000000d5820000,0x00000000d5880000)
  to   space 512K, 0% used [0x00000000d5780000,0x00000000d5780000,0x00000000d5800000)
 ParOldGen       total 874496K, used 874400K [0x0000000080000000, 0x00000000b5600000, 0x00000000d5580000)
  object space 874496K, 99% used [0x0000000080000000,0x00000000b55e8060,0x00000000b5600000)
 Metaspace       used 70203K, committed 71808K, reserved 1114112K
  class space    used 7539K, committed 8256K, reserved 1048576K
}
Event: 251.125 GC heap after
{Heap after GC invocations=1726 (full 3):
 PSYoungGen      total 2048K, used 96K [0x00000000d5580000, 0x00000000d5880000, 0x0000000100000000)
  eden space 1536K, 0% used [0x00000000d5580000,0x00000000d5580000,0x00000000d5700000)
  from space 512K, 18% used [0x00000000d5780000,0x00000000d5798000,0x00000000d5800000)
  to   space 512K, 0% used [0x00000000d5800000,0x00000000d5800000,0x00000000d5880000)
 ParOldGen       total 874496K, used 874448K [0x0000000080000000, 0x00000000b5600000, 0x00000000d5580000)
  object space 874496K, 99% used [0x0000000080000000,0x00000000b55f4060,0x00000000b5600000)
 Metaspace       used 70203K, committed 71808K, reserved 1114112K
  class space    used 7539K, committed 8256K, reserved 1048576K
}
Event: 251.252 GC heap before
{Heap before GC invocations=1727 (full 3):
 PSYoungGen      total 2048K, used 1632K [0x00000000d5580000, 0x00000000d5880000, 0x0000000100000000)
  eden space 1536K, 100% used [0x00000000d5580000,0x00000000d5700000,0x00000000d5700000)
  from space 512K, 18% used [0x00000000d5780000,0x00000000d5798000,0x00000000d5800000)
  to   space 512K, 0% used [0x00000000d5800000,0x00000000d5800000,0x00000000d5880000)
 ParOldGen       total 874496K, used 874448K [0x0000000080000000, 0x00000000b5600000, 0x00000000d5580000)
  object space 874496K, 99% used [0x0000000080000000,0x00000000b55f4060,0x00000000b5600000)
 Metaspace       used 70206K, committed 71808K, reserved 1114112K
  class space    used 7539K, committed 8256K, reserved 1048576K
}
Event: 251.258 GC heap after
{Heap after GC invocations=1727 (full 3):
 PSYoungGen      total 2048K, used 492K [0x00000000d5580000, 0x00000000d5900000, 0x0000000100000000)
  eden space 1536K, 0% used [0x00000000d5580000,0x00000000d5580000,0x00000000d5700000)
  from space 512K, 96% used [0x00000000d5800000,0x00000000d587b210,0x00000000d5880000)
  to   space 1024K, 0% used [0x00000000d5700000,0x00000000d5700000,0x00000000d5800000)
 ParOldGen       total 874496K, used 874472K [0x0000000080000000, 0x00000000b5600000, 0x00000000d5580000)
  object space 874496K, 99% used [0x0000000080000000,0x00000000b55fa060,0x00000000b5600000)
 Metaspace       used 70206K, committed 71808K, reserved 1114112K
  class space    used 7539K, committed 8256K, reserved 1048576K
}
Event: 251.330 GC heap before
{Heap before GC invocations=1728 (full 3):
 PSYoungGen      total 2048K, used 2018K [0x00000000d5580000, 0x00000000d5900000, 0x0000000100000000)
  eden space 1536K, 99% used [0x00000000d5580000,0x00000000d56fd858,0x00000000d5700000)
  from space 512K, 96% used [0x00000000d5800000,0x00000000d587b210,0x00000000d5880000)
  to   space 1024K, 0% used [0x00000000d5700000,0x00000000d5700000,0x00000000d5800000)
 ParOldGen       total 874496K, used 874472K [0x0000000080000000, 0x00000000b5600000, 0x00000000d5580000)
  object space 874496K, 99% used [0x0000000080000000,0x00000000b55fa060,0x00000000b5600000)
 Metaspace       used 70264K, committed 71872K, reserved 1114112K
  class space    used 7546K, committed 8256K, reserved 1048576K
}
Event: 251.341 GC heap after
{Heap after GC invocations=1728 (full 3):
 PSYoungGen      total 2560K, used 494K [0x00000000d5580000, 0x00000000d5880000, 0x0000000100000000)
  eden space 1536K, 0% used [0x00000000d5580000,0x00000000d5580000,0x00000000d5700000)
  from space 1024K, 48% used [0x00000000d5700000,0x00000000d577b888,0x00000000d5800000)
  to   space 512K, 0% used [0x00000000d5800000,0x00000000d5800000,0x00000000d5880000)
 ParOldGen       total 875008K, used 874819K [0x0000000080000000, 0x00000000b5680000, 0x00000000d5580000)
  object space 875008K, 99% used [0x0000000080000000,0x00000000b5650f98,0x00000000b5680000)
 Metaspace       used 70264K, committed 71872K, reserved 1114112K
  class space    used 7546K, committed 8256K, reserved 1048576K
}
Event: 251.506 GC heap before
{Heap before GC invocations=1729 (full 3):
 PSYoungGen      total 2560K, used 2030K [0x00000000d5580000, 0x00000000d5880000, 0x0000000100000000)
  eden space 1536K, 100% used [0x00000000d5580000,0x00000000d5700000,0x00000000d5700000)
  from space 1024K, 48% used [0x00000000d5700000,0x00000000d577b888,0x00000000d5800000)
  to   space 512K, 0% used [0x00000000d5800000,0x00000000d5800000,0x00000000d5880000)
 ParOldGen       total 875008K, used 874819K [0x0000000080000000, 0x00000000b5680000, 0x00000000d5580000)
  object space 875008K, 99% used [0x0000000080000000,0x00000000b5650f98,0x00000000b5680000)
 Metaspace       used 70371K, committed 71936K, reserved 1114112K
  class space    used 7567K, committed 8256K, reserved 1048576K
}
Event: 251.511 GC heap after
{Heap after GC invocations=1729 (full 3):
 PSYoungGen      total 2048K, used 64K [0x00000000d5580000, 0x00000000d5880000, 0x0000000100000000)
  eden space 1536K, 0% used [0x00000000d5580000,0x00000000d5580000,0x00000000d5700000)
  from space 512K, 12% used [0x00000000d5800000,0x00000000d5810000,0x00000000d5880000)
  to   space 512K, 0% used [0x00000000d5780000,0x00000000d5780000,0x00000000d5800000)
 ParOldGen       total 875008K, used 874960K [0x0000000080000000, 0x00000000b5680000, 0x00000000d5580000)
  object space 875008K, 99% used [0x0000000080000000,0x00000000b5674230,0x00000000b5680000)
 Metaspace       used 70371K, committed 71936K, reserved 1114112K
  class space    used 7567K, committed 8256K, reserved 1048576K
}
Event: 419.924 GC heap before
{Heap before GC invocations=1730 (full 3):
 PSYoungGen      total 2048K, used 1599K [0x00000000d5580000, 0x00000000d5880000, 0x0000000100000000)
  eden space 1536K, 99% used [0x00000000d5580000,0x00000000d56ffe78,0x00000000d5700000)
  from space 512K, 12% used [0x00000000d5800000,0x00000000d5810000,0x00000000d5880000)
  to   space 512K, 0% used [0x00000000d5780000,0x00000000d5780000,0x00000000d5800000)
 ParOldGen       total 875008K, used 874960K [0x0000000080000000, 0x00000000b5680000, 0x00000000d5580000)
  object space 875008K, 99% used [0x0000000080000000,0x00000000b5674230,0x00000000b5680000)
 Metaspace       used 70498K, committed 72000K, reserved 1114112K
  class space    used 7588K, committed 8256K, reserved 1048576K
}
Event: 419.930 GC heap after
{Heap after GC invocations=1730 (full 3):
 PSYoungGen      total 2048K, used 128K [0x00000000d5580000, 0x00000000d5880000, 0x0000000100000000)
  eden space 1536K, 0% used [0x00000000d5580000,0x00000000d5580000,0x00000000d5700000)
  from space 512K, 25% used [0x00000000d5780000,0x00000000d57a0000,0x00000000d5800000)
  to   space 512K, 0% used [0x00000000d5800000,0x00000000d5800000,0x00000000d5880000)
 ParOldGen       total 875008K, used 874976K [0x0000000080000000, 0x00000000b5680000, 0x00000000d5580000)
  object space 875008K, 99% used [0x0000000080000000,0x00000000b5678230,0x00000000b5680000)
 Metaspace       used 70498K, committed 72000K, reserved 1114112K
  class space    used 7588K, committed 8256K, reserved 1048576K
}

